\o Program:		@(#)$CDS: libManager version 6.1.7 - CAT35 05/25/2016 17:24 (sjflg005) $
\o Sub version:		sub-version  IC6.1.7 - CAT35.15s020 
\o Arguments:		-unmapped -mpssession virtuoso285933 -mpshost viterbi-scf2 
\o Working Directory:	viterbi-scf2:/home/viterbi/06/dthapliy/work_gpdk045/Lab1_Step1/NOR2X1
\o 64-bit offsets
\o Qt version: 		4.8.5
\o changeWorkingDir("/home/viterbi/06/dthapliy/work_gpdk045/Lab1_Step1/NOR2X1") unnecessary.
\o ddSetForcedLib("") unnecessary.
\o Log file is "/home/viterbi/06/dthapliy/work_gpdk045/Lab1_Step1/NOR2X1/libManager.log".
\o Opening libManager window.
\a nrSetWindowVisibility(cdsLibManager "show")
\o MPS service: map window
\a nrSetCurrentWindow(cdsLibManager)
\o Library Manager customization server connected.
\a nrResizeWindow(cdsLibManager list(744 0 600 419))
\a cdsLibManager->libListBox->value = "analogLib"
\a cdsLibManager->libListBox->value = "ahdlLib"
\a cdsLibManager->libListBox->value = "US_8ths"
\a cdsLibManager->libListBox->value = "ahdlLib"
\a cdsLibManager->libListBox->value = "analogLib"
\a cdsLibManager->libListBox->value = "basic"
\a cdsLibManager->libListBox->value = "cdsDefTechLib"
\a cdsLibManager->libListBox->value = "functional"
\a cdsLibManager->libListBox->value = "rfExamples"
\a cdsLibManager->libListBox->value = "rfLib"
\a cdsLibManager->libListBox->value = "rfExamples"
\a cdsLibManager->libListBox->value = "functional"
\a cdsLibManager->libListBox->value = "cdsDefTechLib"
\a cdsLibManager->libListBox->value = "basic"
\a cdsLibManager->libListBox->value = "analogLib"
\a cdsLibManager->libListBox->value = "ahdlLib"
\a cdsLibManager->libListBox->value = "US_8ths"
\a cdsLibManager->libListBox->value = "cdsDefTechLib"
\a cdsLibManager->libLineEdit->value = "cdsDefTechLib"
\a nrSetCurrentWindow(cdsLibManager)
\a _lmgrCloseIconify("cdsLibManager" 1)
